<?xml version="1.0" encoding="UTF-8"?>
<!-- Generated by org.testng.reporters.JUnitReportReporter -->
<testsuite hostname="Praveen" failures="0" tests="1" name="Automation4ME.tests.ExtentReportsDemo" time="7.739" errors="0" timestamp="2024-03-17T19:09:21 EDT" skipped="0">
  <testcase classname="Automation4ME.tests.ExtentReportsDemo" name="Demo" time="7.739"/>
</testsuite> <!-- Automation4ME.tests.ExtentReportsDemo -->
