<?xml version="1.0" encoding="UTF-8"?>
<!-- Generated by org.testng.reporters.JUnitReportReporter -->
<testsuite hostname="Praveen" failures="0" tests="3" name="Automation4ME.tests.HomeTest" time="25.465" errors="0" timestamp="2024-03-18T11:26:59 EDT" skipped="0">
  <testcase classname="Automation4ME.tests.HomeTest" name="E2E" time="10.073"/>
  <testcase classname="Automation4ME.tests.HomeTest" name="E2E" time="8.194"/>
  <testcase classname="Automation4ME.tests.HomeTest" name="closingApplication" time="7.198"/>
</testsuite> <!-- Automation4ME.tests.HomeTest -->
