<?xml version="1.0" encoding="UTF-8"?>
<!-- Generated by org.testng.reporters.JUnitReportReporter -->
<testsuite hostname="Praveen" failures="0" tests="1" name="Automation4ME.tests.Home" time="8.556" errors="0" timestamp="2024-03-17T14:09:37 EDT" skipped="0">
  <testcase classname="Automation4ME.tests.Home" name="E2E" time="8.556"/>
</testsuite> <!-- Automation4ME.tests.Home -->
