<?xml version="1.0" encoding="UTF-8"?>
<!-- Generated by org.testng.reporters.JUnitReportReporter -->
<testsuite hostname="Praveen" failures="0" tests="3" name="Automation4ME.tests.HomeTest" time="15.886" errors="0" timestamp="2024-03-20T10:20:26 EDT" skipped="0">
  <testcase classname="Automation4ME.tests.HomeTest" name="closingApplication" time="6.309"/>
  <testcase classname="Automation4ME.tests.HomeTest" name="E2E" time="5.062"/>
  <testcase classname="Automation4ME.tests.HomeTest" name="E2E" time="4.515"/>
</testsuite> <!-- Automation4ME.tests.HomeTest -->
